<?xml version="1.0" encoding="UTF-8"?>
<!-- Generated by org.testng.reporters.JUnitXMLReporter -->
<testsuite ignored="2" hostname="inno0252-PC" failures="2" tests="2" name="Default test(failed)" time="0.078" errors="0" timestamp="06 Feb 2020 02:16:15 GMT">
  <testcase classname="com.basics.one.Features_testng" name="method1" time="0.017">
    <failure type="java.lang.AssertionError" message="expected [text1] but found [text]">
      <![CDATA[java.lang.AssertionError: expected [text1] but found [text]
at com.basics.one.Features_testng.method1(Features_testng.java:15)
... Removed 31 stack frames]]>
    </failure>
  </testcase> <!-- method1 -->
  <testcase classname="com.basics.one.Features_testng" name="method4" time="0.002">
    <failure type="java.lang.AssertionError" message="expected [true] but found [false]">
      <![CDATA[java.lang.AssertionError: expected [true] but found [false]
at com.basics.one.Features_testng.method4(Features_testng.java:38)
... Removed 29 stack frames]]>
    </failure>
  </testcase> <!-- method4 -->
  <testcase classname="com.basics.one.Features_testng" name="method2" time="0.0">
    <ignored/>
  </testcase> <!-- method2 -->
  <testcase classname="com.basics.one.Features_testng" name="method3" time="0.0">
    <ignored/>
  </testcase> <!-- method3 -->
</testsuite> <!-- Default test(failed) -->
